Started GET "/" for ::1 at 2024-04-10 19:37:13 -0700
  [1m[35m (0.2ms)[0m  [1m[35mCREATE TABLE "schema_migrations" ("version" varchar NOT NULL PRIMARY KEY)[0m
  [1m[35m (0.1ms)[0m  [1m[35mCREATE TABLE "ar_internal_metadata" ("key" varchar NOT NULL PRIMARY KEY, "value" varchar, "created_at" datetime(6) NOT NULL, "updated_at" datetime(6) NOT NULL)[0m
  [1m[36mActiveRecord::SchemaMigration Load (0.0ms)[0m  [1m[34mSELECT "schema_migrations"."version" FROM "schema_migrations" ORDER BY "schema_migrations"."version" ASC[0m
Processing by Rails::WelcomeController#index as HTML
  Rendering /Users/danbradbury/.rvm/gems/ruby-3.3.0/gems/railties-7.1.3.2/lib/rails/templates/rails/welcome/index.html.erb
  Rendered /Users/danbradbury/.rvm/gems/ruby-3.3.0/gems/railties-7.1.3.2/lib/rails/templates/rails/welcome/index.html.erb (Duration: 0.3ms | Allocations: 374)
Completed 200 OK in 15ms (Views: 3.0ms | ActiveRecord: 0.0ms | Allocations: 7743)


Started GET "/" for ::1 at 2024-04-17 23:23:52 -0700
  [1m[36mActiveRecord::SchemaMigration Load (0.1ms)[0m  [1m[34mSELECT "schema_migrations"."version" FROM "schema_migrations" ORDER BY "schema_migrations"."version" ASC[0m
  
ActiveRecord::PendingMigrationError (

Migrations are pending. To resolve this issue, run:

        bin/rails db:migrate

You have 1 pending migration:

db/migrate/20240418061616_create_initial_tables.rb


):
  
activerecord (7.1.3.2) lib/active_record/migration.rb:755:in `check_pending_migrations'
activerecord (7.1.3.2) lib/active_record/migration.rb:644:in `block (2 levels) in call'
activesupport (7.1.3.2) lib/active_support/file_update_checker.rb:85:in `execute'
activerecord (7.1.3.2) lib/active_record/migration.rb:649:in `block in call'
activerecord (7.1.3.2) lib/active_record/migration.rb:641:in `synchronize'
activerecord (7.1.3.2) lib/active_record/migration.rb:641:in `call'
actionpack (7.1.3.2) lib/action_dispatch/middleware/callbacks.rb:29:in `block in call'
activesupport (7.1.3.2) lib/active_support/callbacks.rb:101:in `run_callbacks'
actionpack (7.1.3.2) lib/action_dispatch/middleware/callbacks.rb:28:in `call'
actionpack (7.1.3.2) lib/action_dispatch/middleware/executor.rb:14:in `call'
actionpack (7.1.3.2) lib/action_dispatch/middleware/actionable_exceptions.rb:16:in `call'
actionpack (7.1.3.2) lib/action_dispatch/middleware/debug_exceptions.rb:29:in `call'
web-console (4.2.1) lib/web_console/middleware.rb:132:in `call_app'
web-console (4.2.1) lib/web_console/middleware.rb:28:in `block in call'
web-console (4.2.1) lib/web_console/middleware.rb:17:in `catch'
web-console (4.2.1) lib/web_console/middleware.rb:17:in `call'
actionpack (7.1.3.2) lib/action_dispatch/middleware/show_exceptions.rb:31:in `call'
railties (7.1.3.2) lib/rails/rack/logger.rb:37:in `call_app'
railties (7.1.3.2) lib/rails/rack/logger.rb:24:in `block in call'
activesupport (7.1.3.2) lib/active_support/tagged_logging.rb:135:in `block in tagged'
activesupport (7.1.3.2) lib/active_support/tagged_logging.rb:39:in `tagged'
activesupport (7.1.3.2) lib/active_support/tagged_logging.rb:135:in `tagged'
activesupport (7.1.3.2) lib/active_support/broadcast_logger.rb:240:in `method_missing'
railties (7.1.3.2) lib/rails/rack/logger.rb:24:in `call'
sprockets-rails (3.4.2) lib/sprockets/rails/quiet_assets.rb:13:in `call'
actionpack (7.1.3.2) lib/action_dispatch/middleware/remote_ip.rb:92:in `call'
actionpack (7.1.3.2) lib/action_dispatch/middleware/request_id.rb:28:in `call'
rack (3.0.10) lib/rack/method_override.rb:28:in `call'
rack (3.0.10) lib/rack/runtime.rb:24:in `call'
activesupport (7.1.3.2) lib/active_support/cache/strategy/local_cache_middleware.rb:29:in `call'
actionpack (7.1.3.2) lib/action_dispatch/middleware/server_timing.rb:59:in `block in call'
actionpack (7.1.3.2) lib/action_dispatch/middleware/server_timing.rb:24:in `collect_events'
actionpack (7.1.3.2) lib/action_dispatch/middleware/server_timing.rb:58:in `call'
actionpack (7.1.3.2) lib/action_dispatch/middleware/executor.rb:14:in `call'
actionpack (7.1.3.2) lib/action_dispatch/middleware/static.rb:25:in `call'
rack (3.0.10) lib/rack/sendfile.rb:114:in `call'
railties (7.1.3.2) lib/rails/engine.rb:536:in `call'
puma (6.4.2) lib/puma/configuration.rb:272:in `call'
puma (6.4.2) lib/puma/request.rb:100:in `block in handle_request'
puma (6.4.2) lib/puma/thread_pool.rb:378:in `with_force_shutdown'
puma (6.4.2) lib/puma/request.rb:99:in `handle_request'
puma (6.4.2) lib/puma/server.rb:464:in `process_client'
puma (6.4.2) lib/puma/server.rb:245:in `block in run'
puma (6.4.2) lib/puma/thread_pool.rb:155:in `block in spawn_thread'
  [1m[36mActiveRecord::InternalMetadata Load (0.0ms)[0m  [1m[34mSELECT * FROM "ar_internal_metadata" WHERE "ar_internal_metadata"."key" = ? ORDER BY "ar_internal_metadata"."key" ASC LIMIT 1[0m  [[nil, "environment"]]
  [1m[36mActiveRecord::InternalMetadata Create (0.5ms)[0m  [1m[32mINSERT INTO "ar_internal_metadata" ("key", "value", "created_at", "updated_at") VALUES ('environment', 'development', '2024-04-18 06:24:02.516787', '2024-04-18 06:24:02.516789') RETURNING "key"[0m
  [1m[36mActiveRecord::SchemaMigration Load (0.0ms)[0m  [1m[34mSELECT "schema_migrations"."version" FROM "schema_migrations" ORDER BY "schema_migrations"."version" ASC[0m
Migrating to CreateInitialTables (20240418061616)
  [1m[36mTRANSACTION (0.0ms)[0m  [1m[36mbegin transaction[0m
  [1m[35m (0.4ms)[0m  [1m[35mCREATE TABLE "posts" ("id" integer PRIMARY KEY AUTOINCREMENT NOT NULL, "title" varchar, "content" text, "created_at" datetime(6) NOT NULL, "updated_at" datetime(6) NOT NULL)[0m
  [1m[36mActiveRecord::SchemaMigration Create (0.0ms)[0m  [1m[32mINSERT INTO "schema_migrations" ("version") VALUES ('20240418061616') RETURNING "version"[0m
  [1m[36mTRANSACTION (0.1ms)[0m  [1m[36mcommit transaction[0m
  [1m[36mActiveRecord::SchemaMigration Load (0.0ms)[0m  [1m[34mSELECT "schema_migrations"."version" FROM "schema_migrations" ORDER BY "schema_migrations"."version" ASC[0m
Started GET "/" for ::1 at 2024-04-17 23:24:10 -0700
  [1m[36mActiveRecord::SchemaMigration Load (0.0ms)[0m  [1m[34mSELECT "schema_migrations"."version" FROM "schema_migrations" ORDER BY "schema_migrations"."version" ASC[0m
Processing by PagesController#home as HTML
  Rendering layout layouts/application.html.erb
  Rendering pages/home.html.erb within layouts/application
  Rendered pages/home.html.erb within layouts/application (Duration: 0.5ms | Allocations: 1542)
  Rendered layout layouts/application.html.erb (Duration: 0.6ms | Allocations: 1668)
Completed 500 Internal Server Error in 4ms (ActiveRecord: 0.0ms | Allocations: 5727)


  
ActionView::Template::Error (undefined method `each' for nil):
    1: <h1>List of Posts</h1>
    2: <% @posts.each do |post| %>
    3:   <%= post.title %><br>
    4: <% end %>
  
app/views/pages/home.html.erb:2
Started GET "/" for ::1 at 2024-04-17 23:27:20 -0700
Processing by PagesController#home as HTML
  Rendering layout layouts/application.html.erb
  Rendering pages/home.html.erb within layouts/application
  [1m[36mPost Load (0.0ms)[0m  [1m[34mSELECT "posts".* FROM "posts"[0m
  ↳ app/views/pages/home.html.erb:2
  Rendered pages/home.html.erb within layouts/application (Duration: 1.2ms | Allocations: 1024)
  Rendered layout layouts/application.html.erb (Duration: 441.5ms | Allocations: 73847)
Completed 200 OK in 461ms (Views: 441.4ms | ActiveRecord: 0.9ms | Allocations: 83502)


  [1m[36mActiveRecord::SchemaMigration Load (0.1ms)[0m  [1m[34mSELECT "schema_migrations"."version" FROM "schema_migrations" ORDER BY "schema_migrations"."version" ASC[0m
  [1m[36mPost Load (0.2ms)[0m  [1m[34mSELECT "posts".* FROM "posts"[0m
  [1m[36mTRANSACTION (0.0ms)[0m  [1m[36mbegin transaction[0m
  [1m[36mPost Create (0.4ms)[0m  [1m[32mINSERT INTO "posts" ("title", "content", "created_at", "updated_at") VALUES (?, ?, ?, ?) RETURNING "id"[0m  [["title", "deploying with ecs"], ["content", "## Titlte\n"], ["created_at", "2024-04-18 07:16:31.734681"], ["updated_at", "2024-04-18 07:16:31.734681"]]
  [1m[36mTRANSACTION (0.2ms)[0m  [1m[36mcommit transaction[0m
Started GET "/" for ::1 at 2024-04-18 00:16:38 -0700
  [1m[36mActiveRecord::SchemaMigration Load (0.1ms)[0m  [1m[34mSELECT "schema_migrations"."version" FROM "schema_migrations" ORDER BY "schema_migrations"."version" ASC[0m
Processing by PagesController#home as HTML
  Rendering layout layouts/application.html.erb
  Rendering pages/home.html.erb within layouts/application
  [1m[36mPost Load (0.0ms)[0m  [1m[34mSELECT "posts".* FROM "posts"[0m
  ↳ app/views/pages/home.html.erb:2
  Rendered pages/home.html.erb within layouts/application (Duration: 4.9ms | Allocations: 9653)
  Rendered layout layouts/application.html.erb (Duration: 16.1ms | Allocations: 30732)
Completed 200 OK in 24ms (Views: 16.8ms | ActiveRecord: 0.8ms | Allocations: 40525)


Started GET "/" for ::1 at 2024-04-18 00:28:37 -0700
Processing by PagesController#home as HTML
  Rendering layout layouts/application.html.erb
  Rendering pages/home.html.erb within layouts/application
  [1m[36mPost Load (1.2ms)[0m  [1m[34mSELECT "posts".* FROM "posts"[0m
  ↳ app/views/pages/home.html.erb:2
  Rendered pages/home.html.erb within layouts/application (Duration: 3.0ms | Allocations: 2979)
  Rendered layout layouts/application.html.erb (Duration: 13.2ms | Allocations: 8329)
Completed 500 Internal Server Error in 16ms (ActiveRecord: 1.6ms | Allocations: 9967)


  
ActionView::Template::Error (The asset "all.css" is not present in the asset pipeline.
):
     6:     <%= csrf_meta_tags %>
     7:     <%= csp_meta_tag %>
     8: 
     9:     <%= stylesheet_link_tag :all, "data-turbo-track": "reload" %>
    10:   </head>
    11: 
    12:   <body>
  
app/views/layouts/application.html.erb:9
Started GET "/" for ::1 at 2024-04-18 00:30:18 -0700
  [1m[36mActiveRecord::SchemaMigration Load (0.0ms)[0m  [1m[34mSELECT "schema_migrations"."version" FROM "schema_migrations" ORDER BY "schema_migrations"."version" ASC[0m
Processing by PagesController#home as HTML
  Rendering layout layouts/application.html.erb
  Rendering pages/home.html.erb within layouts/application
  [1m[36mPost Load (0.0ms)[0m  [1m[34mSELECT "posts".* FROM "posts"[0m
  ↳ app/views/pages/home.html.erb:2
  Rendered pages/home.html.erb within layouts/application (Duration: 5.5ms | Allocations: 9659)
  Rendered layout layouts/application.html.erb (Duration: 8.4ms | Allocations: 13998)
Completed 500 Internal Server Error in 24ms (ActiveRecord: 0.9ms | Allocations: 23739)


  
ActionView::Template::Error (The asset "all.css" is not present in the asset pipeline.
):
     6:     <%= csrf_meta_tags %>
     7:     <%= csp_meta_tag %>
     8: 
     9:     <%= stylesheet_link_tag :all, "data-turbo-track": "reload" %>
    10:   </head>
    11: 
    12:   <body>
  
app/views/layouts/application.html.erb:9
Started GET "/" for ::1 at 2024-04-18 00:37:08 -0700
  [1m[36mActiveRecord::SchemaMigration Load (0.0ms)[0m  [1m[34mSELECT "schema_migrations"."version" FROM "schema_migrations" ORDER BY "schema_migrations"."version" ASC[0m
Processing by PagesController#home as HTML
  Rendering layout layouts/application.html.erb
  Rendering pages/home.html.erb within layouts/application
  [1m[36mPost Load (0.2ms)[0m  [1m[34mSELECT "posts".* FROM "posts"[0m
  ↳ app/views/pages/home.html.erb:2
  Rendered pages/home.html.erb within layouts/application (Duration: 5.1ms | Allocations: 9653)
  Rendered layout layouts/application.html.erb (Duration: 9.3ms | Allocations: 13986)
Completed 500 Internal Server Error in 18ms (ActiveRecord: 1.0ms | Allocations: 23725)


  
ActionView::Template::Error (The asset "all.css" is not present in the asset pipeline.
):
     6:     <%= csrf_meta_tags %>
     7:     <%= csp_meta_tag %>
     8: 
     9:     <%= stylesheet_link_tag :all %>
    10:   </head>
    11: 
    12:   <body>
  
app/views/layouts/application.html.erb:9
Started GET "/" for ::1 at 2024-04-18 00:38:36 -0700
  [1m[36mActiveRecord::SchemaMigration Load (0.0ms)[0m  [1m[34mSELECT "schema_migrations"."version" FROM "schema_migrations" ORDER BY "schema_migrations"."version" ASC[0m
Processing by PagesController#home as HTML
  Rendering layout layouts/application.html.erb
  Rendering pages/home.html.erb within layouts/application
  [1m[36mPost Load (0.0ms)[0m  [1m[34mSELECT "posts".* FROM "posts"[0m
  ↳ app/views/pages/home.html.erb:2
  Rendered pages/home.html.erb within layouts/application (Duration: 4.9ms | Allocations: 9653)
  Rendered layout layouts/application.html.erb (Duration: 8.9ms | Allocations: 13986)
Completed 500 Internal Server Error in 17ms (ActiveRecord: 0.8ms | Allocations: 23725)


  
ActionView::Template::Error (The asset "all.css" is not present in the asset pipeline.
):
     6:     <%= csrf_meta_tags %>
     7:     <%= csp_meta_tag %>
     8: 
     9:     <%= stylesheet_link_tag :all %>
    10:   </head>
    11: 
    12:   <body>
  
app/views/layouts/application.html.erb:9
Started GET "/" for ::1 at 2024-04-18 00:44:51 -0700
  [1m[36mActiveRecord::SchemaMigration Load (0.1ms)[0m  [1m[34mSELECT "schema_migrations"."version" FROM "schema_migrations" ORDER BY "schema_migrations"."version" ASC[0m
Processing by PagesController#home as HTML
  Rendering layout layouts/application.html.erb
  Rendering pages/home.html.erb within layouts/application
  [1m[36mPost Load (0.2ms)[0m  [1m[34mSELECT "posts".* FROM "posts"[0m
  ↳ app/views/pages/home.html.erb:2
  Rendered pages/home.html.erb within layouts/application (Duration: 5.4ms | Allocations: 9655)
  Rendered layout layouts/application.html.erb (Duration: 8.5ms | Allocations: 11683)
Completed 200 OK in 19ms (Views: 9.0ms | ActiveRecord: 1.1ms | Allocations: 21476)


Started GET "/stylesheets/all.css" for ::1 at 2024-04-18 00:44:51 -0700
  
ActionController::RoutingError (No route matches [GET] "/stylesheets/all.css"):
  
Started GET "/" for ::1 at 2024-04-18 00:45:38 -0700
Processing by PagesController#home as HTML
  Rendering layout layouts/application.html.erb
  Rendering pages/home.html.erb within layouts/application
  [1m[36mPost Load (0.1ms)[0m  [1m[34mSELECT "posts".* FROM "posts"[0m
  ↳ app/views/pages/home.html.erb:2
  Rendered pages/home.html.erb within layouts/application (Duration: 1.0ms | Allocations: 407)
  Rendered layout layouts/application.html.erb (Duration: 3.1ms | Allocations: 953)
Completed 200 OK in 4ms (Views: 3.7ms | ActiveRecord: 0.1ms | Allocations: 1208)


Started GET "/stylesheets/all.css" for ::1 at 2024-04-18 00:45:38 -0700
  
ActionController::RoutingError (No route matches [GET] "/stylesheets/all.css"):
  
Started GET "/" for ::1 at 2024-04-18 00:48:28 -0700
  [1m[36mActiveRecord::SchemaMigration Load (0.1ms)[0m  [1m[34mSELECT "schema_migrations"."version" FROM "schema_migrations" ORDER BY "schema_migrations"."version" ASC[0m
Processing by PagesController#home as HTML
  Rendering layout layouts/application.html.erb
  Rendering pages/home.html.erb within layouts/application
  [1m[36mPost Load (0.0ms)[0m  [1m[34mSELECT "posts".* FROM "posts"[0m
  ↳ app/views/pages/home.html.erb:2
  Rendered pages/home.html.erb within layouts/application (Duration: 5.7ms | Allocations: 10970)
  Rendered layout layouts/application.html.erb (Duration: 5.8ms | Allocations: 11096)
Completed 500 Internal Server Error in 15ms (ActiveRecord: 0.9ms | Allocations: 20836)


  
ActionView::Template::Error (uninitialized constant GitHub::Markups):
    1: <h1>List of Posts</h1>
    2: <% @posts.each do |post| %>
    3:   <%= post.title %><br>
    4:   <%= GitHub::Markup.render_s(GitHub::Markups::MARKUP_MARKDOWN, post.content) %>
    5: <% end %>
  
app/views/pages/home.html.erb:4
app/views/pages/home.html.erb:2
Started GET "/" for ::1 at 2024-04-18 00:48:29 -0700
Processing by PagesController#home as HTML
  Rendering layout layouts/application.html.erb
  Rendering pages/home.html.erb within layouts/application
  [1m[36mPost Load (0.1ms)[0m  [1m[34mSELECT "posts".* FROM "posts"[0m
  ↳ app/views/pages/home.html.erb:2
  Rendered pages/home.html.erb within layouts/application (Duration: 0.7ms | Allocations: 1390)
  Rendered layout layouts/application.html.erb (Duration: 0.8ms | Allocations: 1481)
Completed 500 Internal Server Error in 1ms (ActiveRecord: 0.1ms | Allocations: 1715)


  
ActionView::Template::Error (uninitialized constant GitHub::Markups):
    1: <h1>List of Posts</h1>
    2: <% @posts.each do |post| %>
    3:   <%= post.title %><br>
    4:   <%= GitHub::Markup.render_s(GitHub::Markups::MARKUP_MARKDOWN, post.content) %>
    5: <% end %>
  
app/views/pages/home.html.erb:4
app/views/pages/home.html.erb:2
Started GET "/" for ::1 at 2024-04-18 00:49:09 -0700
Processing by PagesController#home as HTML
  Rendering layout layouts/application.html.erb
  Rendering pages/home.html.erb within layouts/application
  [1m[36mPost Load (0.0ms)[0m  [1m[34mSELECT "posts".* FROM "posts"[0m
  ↳ app/views/pages/home.html.erb:2
  Rendered pages/home.html.erb within layouts/application (Duration: 8.3ms | Allocations: 6942)
  Rendered layout layouts/application.html.erb (Duration: 8.4ms | Allocations: 7034)
Completed 500 Internal Server Error in 10ms (ActiveRecord: 0.9ms | Allocations: 8654)


  
LoadError (no suitable markdown gem found):
  
app/views/pages/home.html.erb:4
app/views/pages/home.html.erb:2
Started GET "/" for ::1 at 2024-04-18 00:50:15 -0700
  [1m[36mActiveRecord::SchemaMigration Load (0.0ms)[0m  [1m[34mSELECT "schema_migrations"."version" FROM "schema_migrations" ORDER BY "schema_migrations"."version" ASC[0m
Processing by PagesController#home as HTML
  Rendering layout layouts/application.html.erb
  Rendering pages/home.html.erb within layouts/application
  [1m[36mPost Load (0.0ms)[0m  [1m[34mSELECT "posts".* FROM "posts"[0m
  ↳ app/views/pages/home.html.erb:2
  Rendered pages/home.html.erb within layouts/application (Duration: 6.7ms | Allocations: 10622)
  Rendered layout layouts/application.html.erb (Duration: 9.7ms | Allocations: 12671)
Completed 200 OK in 20ms (Views: 10.2ms | ActiveRecord: 1.0ms | Allocations: 22464)


Started GET "/stylesheets/all.css" for ::1 at 2024-04-18 00:50:15 -0700
  
ActionController::RoutingError (No route matches [GET] "/stylesheets/all.css"):
  
Started GET "/" for ::1 at 2024-04-18 00:52:54 -0700
Processing by PagesController#home as HTML
  Rendering layout layouts/application.html.erb
  Rendering pages/home.html.erb within layouts/application
  [1m[36mPost Load (0.0ms)[0m  [1m[34mSELECT "posts".* FROM "posts"[0m
  ↳ app/views/pages/home.html.erb:2
  Rendered pages/home.html.erb within layouts/application (Duration: 2.8ms | Allocations: 3429)
  Rendered layout layouts/application.html.erb (Duration: 3.5ms | Allocations: 4170)
Completed 200 OK in 6ms (Views: 3.5ms | ActiveRecord: 1.4ms | Allocations: 5813)


Started GET "/stylesheets/all.css" for ::1 at 2024-04-18 00:52:54 -0700
  
ActionController::RoutingError (No route matches [GET] "/stylesheets/all.css"):
  
Started GET "/" for ::1 at 2024-04-18 00:54:55 -0700
Processing by PagesController#home as HTML
  Rendering layout layouts/application.html.erb
  Rendering pages/home.html.erb within layouts/application
  [1m[36mPost Load (0.4ms)[0m  [1m[34mSELECT "posts".* FROM "posts"[0m
  ↳ app/views/pages/home.html.erb:2
  Rendered pages/home.html.erb within layouts/application (Duration: 3.7ms | Allocations: 413)
  Rendered layout layouts/application.html.erb (Duration: 5.0ms | Allocations: 953)
Completed 200 OK in 6ms (Views: 5.2ms | ActiveRecord: 0.4ms | Allocations: 1207)


Started GET "/stylesheets/all.css" for ::1 at 2024-04-18 00:54:55 -0700
  
ActionController::RoutingError (No route matches [GET] "/stylesheets/all.css"):
  
Started GET "/" for ::1 at 2024-04-18 00:54:56 -0700
Processing by PagesController#home as HTML
  Rendering layout layouts/application.html.erb
  Rendering pages/home.html.erb within layouts/application
  [1m[36mPost Load (0.1ms)[0m  [1m[34mSELECT "posts".* FROM "posts"[0m
  ↳ app/views/pages/home.html.erb:2
  Rendered pages/home.html.erb within layouts/application (Duration: 1.0ms | Allocations: 406)
  Rendered layout layouts/application.html.erb (Duration: 1.8ms | Allocations: 955)
Completed 200 OK in 3ms (Views: 2.1ms | ActiveRecord: 0.1ms | Allocations: 1200)


Started GET "/stylesheets/all.css" for ::1 at 2024-04-18 00:54:56 -0700
  
ActionController::RoutingError (No route matches [GET] "/stylesheets/all.css"):
  
Started GET "/" for ::1 at 2024-04-18 00:55:10 -0700
Processing by PagesController#home as HTML
  Rendering layout layouts/application.html.erb
  Rendering pages/home.html.erb within layouts/application
  [1m[36mPost Load (0.0ms)[0m  [1m[34mSELECT "posts".* FROM "posts"[0m
  ↳ app/views/pages/home.html.erb:2
  Rendered pages/home.html.erb within layouts/application (Duration: 2.1ms | Allocations: 3413)
  Rendered layout layouts/application.html.erb (Duration: 2.6ms | Allocations: 4151)
Completed 200 OK in 5ms (Views: 2.2ms | ActiveRecord: 0.9ms | Allocations: 5789)


Started GET "/stylesheets/base.css" for ::1 at 2024-04-18 00:55:10 -0700
  
ActionController::RoutingError (No route matches [GET] "/stylesheets/base.css"):
  
Started GET "/" for ::1 at 2024-04-18 00:57:03 -0700
Processing by PagesController#home as HTML
  Rendering layout layouts/application.html.erb
  Rendering pages/home.html.erb within layouts/application
  [1m[36mPost Load (0.2ms)[0m  [1m[34mSELECT "posts".* FROM "posts"[0m
  ↳ app/views/pages/home.html.erb:2
  Rendered pages/home.html.erb within layouts/application (Duration: 1.4ms | Allocations: 420)
  Rendered layout layouts/application.html.erb (Duration: 2.8ms | Allocations: 986)
Completed 200 OK in 4ms (Views: 3.6ms | ActiveRecord: 0.1ms | Allocations: 1239)


Started GET "/stylesheets/base.css" for ::1 at 2024-04-18 00:57:03 -0700
  
ActionController::RoutingError (No route matches [GET] "/stylesheets/base.css"):
  
Started GET "/" for ::1 at 2024-04-18 00:59:10 -0700
  [1m[36mActiveRecord::SchemaMigration Load (0.1ms)[0m  [1m[34mSELECT "schema_migrations"."version" FROM "schema_migrations" ORDER BY "schema_migrations"."version" ASC[0m
Processing by PagesController#home as HTML
  Rendering layout layouts/application.html.erb
  Rendering pages/home.html.erb within layouts/application
  [1m[36mPost Load (0.0ms)[0m  [1m[34mSELECT "posts".* FROM "posts"[0m
  ↳ app/views/pages/home.html.erb:2
  Rendered pages/home.html.erb within layouts/application (Duration: 7.2ms | Allocations: 10624)
  Rendered layout layouts/application.html.erb (Duration: 10.6ms | Allocations: 12667)
Completed 200 OK in 21ms (Views: 11.1ms | ActiveRecord: 0.9ms | Allocations: 22459)


Started GET "/stylesheets/all.css" for ::1 at 2024-04-18 00:59:10 -0700
  
ActionController::RoutingError (No route matches [GET] "/stylesheets/all.css"):
  
Started GET "/" for ::1 at 2024-04-18 01:01:21 -0700
  [1m[36mActiveRecord::SchemaMigration Load (0.1ms)[0m  [1m[34mSELECT "schema_migrations"."version" FROM "schema_migrations" ORDER BY "schema_migrations"."version" ASC[0m
Processing by PagesController#home as HTML
  Rendering layout layouts/application.html.erb
  Rendering pages/home.html.erb within layouts/application
  [1m[36mPost Load (0.5ms)[0m  [1m[34mSELECT "posts".* FROM "posts"[0m
  ↳ app/views/pages/home.html.erb:2
  Rendered pages/home.html.erb within layouts/application (Duration: 12.2ms | Allocations: 10314)
  Rendered layout layouts/application.html.erb (Duration: 13.8ms | Allocations: 13332)
Completed 200 OK in 31ms (Views: 15.9ms | ActiveRecord: 0.9ms (1 query, 0 cached) | Allocations: 29234)


Started GET "/stylesheets/all.css" for ::1 at 2024-04-18 01:01:21 -0700
  
ActionController::RoutingError (No route matches [GET] "/stylesheets/all.css"):
  
Started GET "/" for ::1 at 2024-04-18 01:01:50 -0700
Processing by PagesController#home as HTML
  Rendering layout layouts/application.html.erb
  Rendering pages/home.html.erb within layouts/application
  [1m[36mPost Load (0.2ms)[0m  [1m[34mSELECT "posts".* FROM "posts"[0m
  ↳ app/views/pages/home.html.erb:2
  Rendered pages/home.html.erb within layouts/application (Duration: 1.6ms | Allocations: 485)
  Rendered layout layouts/application.html.erb (Duration: 2.7ms | Allocations: 1009)
Completed 200 OK in 5ms (Views: 3.0ms | ActiveRecord: 0.1ms (1 query, 0 cached) | Allocations: 1229)


Started GET "/stylesheets/all.css" for ::1 at 2024-04-18 01:01:50 -0700
  
ActionController::RoutingError (No route matches [GET] "/stylesheets/all.css"):
  
Started GET "/" for ::1 at 2024-04-18 01:02:44 -0700
  [1m[36mActiveRecord::SchemaMigration Load (0.1ms)[0m  [1m[34mSELECT "schema_migrations"."version" FROM "schema_migrations" ORDER BY "schema_migrations"."version" ASC[0m
Processing by PagesController#home as HTML
  Rendering layout layouts/application.html.erb
  Rendering pages/home.html.erb within layouts/application
  [1m[36mPost Load (0.5ms)[0m  [1m[34mSELECT "posts".* FROM "posts"[0m
  ↳ app/views/pages/home.html.erb:2
  Rendered pages/home.html.erb within layouts/application (Duration: 6.7ms | Allocations: 10313)
  Rendered layout layouts/application.html.erb (Duration: 10.5ms | Allocations: 14589)
Completed 500 Internal Server Error in 21ms (ActiveRecord: 0.9ms (1 query, 0 cached) | Allocations: 24108)


  
ActionView::Template::Error (The asset "all.css" is not present in the asset pipeline.
):

Causes:
Sprockets::Rails::Helper::AssetNotFound (The asset "all.css" is not present in the asset pipeline.
)
     6:     <%= csrf_meta_tags %>
     7:     <%= csp_meta_tag %>
     8: 
     9:     <%= stylesheet_link_tag :all, "data-turbo-track": "reload" %>
    10: 
    11:   </head>
    12: 
  
app/views/layouts/application.html.erb:9
Started GET "/" for ::1 at 2024-04-18 01:03:01 -0700
Processing by PagesController#home as HTML
  Rendering layout layouts/application.html.erb
  Rendering pages/home.html.erb within layouts/application
  [1m[36mPost Load (0.7ms)[0m  [1m[34mSELECT "posts".* FROM "posts"[0m
  ↳ app/views/pages/home.html.erb:2
  Rendered pages/home.html.erb within layouts/application (Duration: 5.6ms | Allocations: 3173)
  Rendered layout layouts/application.html.erb (Duration: 107.5ms | Allocations: 75877)
Completed 200 OK in 110ms (Views: 107.7ms | ActiveRecord: 0.9ms (1 query, 0 cached) | Allocations: 77522)


Started GET "/assets/base-e4a183444b2df48f41532e6039622823dc890ea84ff9640bfa82ffe34da1f850.css" for ::1 at 2024-04-18 01:03:01 -0700
Started GET "/" for ::1 at 2024-04-18 01:03:31 -0700
Processing by PagesController#home as HTML
  Rendering layout layouts/application.html.erb
  Rendering pages/home.html.erb within layouts/application
  [1m[36mPost Load (0.1ms)[0m  [1m[34mSELECT "posts".* FROM "posts"[0m
  ↳ app/views/pages/home.html.erb:2
  Rendered pages/home.html.erb within layouts/application (Duration: 1.2ms | Allocations: 484)
  Rendered layout layouts/application.html.erb (Duration: 3.7ms | Allocations: 1708)
Completed 200 OK in 16ms (Views: 15.1ms | ActiveRecord: 0.1ms (1 query, 0 cached) | Allocations: 1932)


